h:\desktop\graphics tutorials\x64\debug\nclgl.pdb
h:\desktop\graphics tutorials\x64\debug\nclgl.idb
h:\desktop\graphics tutorials\nclgl\x64\debug\glad.obj
h:\desktop\graphics tutorials\nclgl\x64\debug\window.obj
h:\desktop\graphics tutorials\nclgl\x64\debug\shader.obj
h:\desktop\graphics tutorials\nclgl\x64\debug\quaternion.obj
h:\desktop\graphics tutorials\nclgl\x64\debug\oglrenderer.obj
h:\desktop\graphics tutorials\nclgl\x64\debug\mouse.obj
h:\desktop\graphics tutorials\nclgl\x64\debug\meshmaterial.obj
h:\desktop\graphics tutorials\nclgl\x64\debug\meshanimation.obj
h:\desktop\graphics tutorials\nclgl\x64\debug\mesh.obj
h:\desktop\graphics tutorials\nclgl\x64\debug\matrix4.obj
h:\desktop\graphics tutorials\nclgl\x64\debug\matrix3.obj
h:\desktop\graphics tutorials\nclgl\x64\debug\matrix2.obj
h:\desktop\graphics tutorials\nclgl\x64\debug\keyboard.obj
h:\desktop\graphics tutorials\nclgl\x64\debug\gametimer.obj
h:\desktop\graphics tutorials\nclgl\x64\debug\computeshader.obj
h:\desktop\graphics tutorials\x64\debug\nclgl.lib
h:\desktop\graphics tutorials\nclgl\x64\debug\nclgl.tlog\cl.command.1.tlog
h:\desktop\graphics tutorials\nclgl\x64\debug\nclgl.tlog\cl.items.tlog
h:\desktop\graphics tutorials\nclgl\x64\debug\nclgl.tlog\cl.read.1.tlog
h:\desktop\graphics tutorials\nclgl\x64\debug\nclgl.tlog\cl.write.1.tlog
h:\desktop\graphics tutorials\nclgl\x64\debug\nclgl.tlog\lib-link.read.1.tlog
h:\desktop\graphics tutorials\nclgl\x64\debug\nclgl.tlog\lib-link.write.1.tlog
h:\desktop\graphics tutorials\nclgl\x64\debug\nclgl.tlog\lib.command.1.tlog
