c:\users\alfie\riderprojects\csc8502\blank project\x64\debug\vc143.pdb
c:\users\alfie\riderprojects\csc8502\blank project\x64\debug\vc143.idb
c:\users\alfie\riderprojects\csc8502\blank project\x64\debug\skybox.obj
c:\users\alfie\riderprojects\csc8502\blank project\x64\debug\water.obj
c:\users\alfie\riderprojects\csc8502\blank project\x64\debug\tree.obj
c:\users\alfie\riderprojects\csc8502\blank project\x64\debug\terrain.obj
c:\users\alfie\riderprojects\csc8502\blank project\x64\debug\scene.obj
c:\users\alfie\riderprojects\csc8502\blank project\x64\debug\orb.obj
c:\users\alfie\riderprojects\csc8502\blank project\x64\debug\renderer.obj
c:\users\alfie\riderprojects\csc8502\blank project\x64\debug\texturemanager.obj
c:\users\alfie\riderprojects\csc8502\blank project\x64\debug\shadermanager.obj
c:\users\alfie\riderprojects\csc8502\blank project\x64\debug\blankproject.obj
c:\users\alfie\riderprojects\csc8502\x64\debug\blank project.exe
c:\users\alfie\riderprojects\csc8502\x64\debug\blank project.pdb
c:\users\alfie\riderprojects\csc8502\blank project\x64\debug\blank project.ilk
c:\users\alfie\riderprojects\csc8502\blank project\x64\debug\blank project.tlog\cl.command.1.tlog
c:\users\alfie\riderprojects\csc8502\blank project\x64\debug\blank project.tlog\cl.items.tlog
c:\users\alfie\riderprojects\csc8502\blank project\x64\debug\blank project.tlog\cl.read.1.tlog
c:\users\alfie\riderprojects\csc8502\blank project\x64\debug\blank project.tlog\cl.write.1.tlog
c:\users\alfie\riderprojects\csc8502\blank project\x64\debug\blank project.tlog\link.command.1.tlog
c:\users\alfie\riderprojects\csc8502\blank project\x64\debug\blank project.tlog\link.read.1.tlog
c:\users\alfie\riderprojects\csc8502\blank project\x64\debug\blank project.tlog\link.secondary.1.tlog
c:\users\alfie\riderprojects\csc8502\blank project\x64\debug\blank project.tlog\link.write.1.tlog
